<?xml version="1.0" encoding="UTF-8" ?>
<testsuite tests="15" failures="0" name="suites.TestSuite" time="241.188" errors="0" skipped="0">
  <properties>
[...]
</properties>
  <testcase classname="tests.ArticleTests" name="testCheckArticleHasTitle" time="17.33"/>
  <testcase classname="tests.ArticleTests" name="testCompareArticleTitle" time="16.276"/>
  <testcase classname="tests.ArticleTests" name="testSwipeArticle" time="33.06"/>
  <testcase classname="tests.ChangeAppConditionTests" name="testChangeScreenOrientationOnSearchResults" time="17.318"/>
  <testcase classname="tests.ChangeAppConditionTests" name="testCheckSearchArticleInBackground" time="15.868"/>
  <testcase classname="tests.GetStartedTest" name="testPassThroughWelcome" time="8.673"/>
  <testcase classname="tests.MyListsTests" name="testSaveFirstArticleToMyList" time="28.002"/>
  <testcase classname="tests.MyListsTests" name="testSaveTwoArticles" time="31.791"/>
  <testcase classname="tests.SearchTests" name="testAmountOfNotEmptySearch" time="10.22"/>
  <testcase classname="tests.SearchTests" name="testAmountOfEmptySearch" time="11.794"/>
  <testcase classname="tests.SearchTests" name="testCancelSearch" time="10.219"/>
  <testcase classname="tests.SearchTests" name="testSearchFieldText" time="8.822"/>
  <testcase classname="tests.SearchTests" name="testCheckSearchResultByTitleAndDescription" time="10.456"/>
  <testcase classname="tests.SearchTests" name="testSearchByWord" time="11.225"/>
  <testcase classname="tests.SearchTests" name="testSearch" time="10.134"/>
</testsuite>